<?xml version="1.0" encoding="UTF-8"?>
<!-- Generated by org.testng.reporters.JUnitXMLReporter -->
<testsuite ignored="0" hostname="SAGITEC-0761" failures="2" tests="2" name="Test2" time="0.053" errors="0" timestamp="2025-03-21T20:20:15 IST">
  <testcase classname="Campaign_Test.CreateCampaignTestWithMandotary" name="CampWithClosedDateTest" time="0.0">
    <failure type="org.testng.TestNGException" message="
Parameter &amp;apos;browser&amp;apos; is required by @Test on method CampWithClosedDateTest but has not been marked @Optional or defined
in E:\eclipse-workspace\weqw\Parallel.xml">
      <![CDATA[org.testng.TestNGException: 
Parameter 'browser' is required by @Test on method CampWithClosedDateTest but has not been marked @Optional or defined
in E:\eclipse-workspace\weqw\Parallel.xml
at java.base/java.util.ArrayList.forEach(ArrayList.java:1596)
at java.base/java.util.concurrent.FutureTask.run(FutureTask.java:317)
at java.base/java.util.concurrent.ThreadPoolExecutor.runWorker(ThreadPoolExecutor.java:1144)
at java.base/java.util.concurrent.ThreadPoolExecutor$Worker.run(ThreadPoolExecutor.java:642)
at java.base/java.lang.Thread.run(Thread.java:1583)
... Removed 17 stack frames]]>
    </failure>
  </testcase> <!-- CampWithClosedDateTest -->
  <testcase classname="Campaign_Test.CreateCampaignTestWithMandotary" name="CreatecampTest" time="0.0">
    <failure type="org.testng.TestNGException" message="
Parameter &amp;apos;browser&amp;apos; is required by @Test on method CreatecampTest but has not been marked @Optional or defined
in E:\eclipse-workspace\weqw\Parallel.xml">
      <![CDATA[org.testng.TestNGException: 
Parameter 'browser' is required by @Test on method CreatecampTest but has not been marked @Optional or defined
in E:\eclipse-workspace\weqw\Parallel.xml
at java.base/java.util.ArrayList.forEach(ArrayList.java:1596)
at java.base/java.util.concurrent.FutureTask.run(FutureTask.java:317)
at java.base/java.util.concurrent.ThreadPoolExecutor.runWorker(ThreadPoolExecutor.java:1144)
at java.base/java.util.concurrent.ThreadPoolExecutor$Worker.run(ThreadPoolExecutor.java:642)
at java.base/java.lang.Thread.run(Thread.java:1583)
... Removed 17 stack frames]]>
    </failure>
  </testcase> <!-- CreatecampTest -->
</testsuite> <!-- Test2 -->
